<?xml version="1.0" encoding="UTF-8"?>
<!-- Generated by org.testng.reporters.JUnitReportReporter -->
<testsuite hostname="Mirouflyers-MacBook-Pro.local" failures="0" tests="1" name="title.AmazonHome" time="3.695" errors="0" timestamp="17 Apr 2019 21:11:49 GMT" skipped="0">
  <testcase classname="title.AmazonHome" name="test" time="3.695"/>
</testsuite> <!-- title.AmazonHome -->
